0 info it worked if it ends with ok
1 verbose cli [ 'node', '/usr/local/bin/npm', 'publish' ]
2 info using npm@1.4.23
3 info using node@v0.10.31
4 verbose publish [ '.' ]
5 verbose cache add [ '.', null ]
6 verbose cache add name=undefined spec="." args=[".",null]
7 verbose parsed url { protocol: null,
7 verbose parsed url   slashes: null,
7 verbose parsed url   auth: null,
7 verbose parsed url   host: null,
7 verbose parsed url   port: null,
7 verbose parsed url   hostname: null,
7 verbose parsed url   hash: null,
7 verbose parsed url   search: null,
7 verbose parsed url   query: null,
7 verbose parsed url   pathname: '.',
7 verbose parsed url   path: '.',
7 verbose parsed url   href: '.' }
8 silly lockFile 3a52ce78- .
9 verbose lock . /Users/tomaszczechowski/.npm/3a52ce78-.lock
10 verbose tar pack [ '/Users/tomaszczechowski/.npm/gulp-console-clean/0.0.0/package.tgz',
10 verbose tar pack   '.' ]
11 verbose tarball /Users/tomaszczechowski/.npm/gulp-console-clean/0.0.0/package.tgz
12 verbose folder .
13 info prepublish gulp-console-clean@0.0.0
14 silly lockFile 1f1177db-tar tar://.
15 verbose lock tar://. /Users/tomaszczechowski/.npm/1f1177db-tar.lock
16 silly lockFile eab1259f--console-clean-0-0-0-package-tgz tar:///Users/tomaszczechowski/.npm/gulp-console-clean/0.0.0/package.tgz
17 verbose lock tar:///Users/tomaszczechowski/.npm/gulp-console-clean/0.0.0/package.tgz /Users/tomaszczechowski/.npm/eab1259f--console-clean-0-0-0-package-tgz.lock
18 silly lockFile 1f1177db-tar tar://.
19 silly lockFile 1f1177db-tar tar://.
20 silly lockFile eab1259f--console-clean-0-0-0-package-tgz tar:///Users/tomaszczechowski/.npm/gulp-console-clean/0.0.0/package.tgz
21 silly lockFile eab1259f--console-clean-0-0-0-package-tgz tar:///Users/tomaszczechowski/.npm/gulp-console-clean/0.0.0/package.tgz
22 silly lockFile f6333898-gulp-console-clean-0-0-0-package /Users/tomaszczechowski/.npm/gulp-console-clean/0.0.0/package
23 verbose lock /Users/tomaszczechowski/.npm/gulp-console-clean/0.0.0/package /Users/tomaszczechowski/.npm/f6333898-gulp-console-clean-0-0-0-package.lock
24 silly lockFile f6333898-gulp-console-clean-0-0-0-package /Users/tomaszczechowski/.npm/gulp-console-clean/0.0.0/package
25 silly lockFile f6333898-gulp-console-clean-0-0-0-package /Users/tomaszczechowski/.npm/gulp-console-clean/0.0.0/package
26 silly lockFile 3a52ce78- .
27 silly lockFile 3a52ce78- .
28 silly publish { name: 'gulp-console-clean',
28 silly publish   version: '0.0.0',
28 silly publish   description: 'Plugin for gulp to clean up code from console object',
28 silly publish   author: { name: 'Tomasz Czechowski' },
28 silly publish   scripts: { test: 'gulp' },
28 silly publish   repository:
28 silly publish    { type: 'git',
28 silly publish      url: 'https://github.com/tomaszczechowski/gulp-console-clean.git' },
28 silly publish   bugs: { url: 'https://github.com/tomaszczechowski/gulp-console-clean/issues' },
28 silly publish   licenses:
28 silly publish    [ { type: 'MIT',
28 silly publish        url: 'https://github.com/tomaszczechowski/gulp-console-clean/blob/master/LICENSE' } ],
28 silly publish   keywords:
28 silly publish    [ 'gulp',
28 silly publish      'console.log clean',
28 silly publish      'gulp console clean',
28 silly publish      'clean console grunt',
28 silly publish      'clean console.log object',
28 silly publish      'clean console.log',
28 silly publish      'gulp clean console.log',
28 silly publish      'console.log',
28 silly publish      'console',
28 silly publish      'clean',
28 silly publish      'console.log',
28 silly publish      'clean',
28 silly publish      'console',
28 silly publish      'gulp',
28 silly publish      'clean',
28 silly publish      'console.log' ],
28 silly publish   devDependencies: {},
28 silly publish   license: 'MIT',
28 silly publish   homepage: 'https://github.com/tomaszczechowski/gulp-console-clean',
28 silly publish   readme: '# gulp-console-clean\n\nGulp plugin to clean up code from console object. All met object are commented out e.g. `/*console.log(\'test\');*/`\n\n\n### Placeholder - Plugin will be available soon. now you can use plugin [grunt-console-clean](https://github.com/tomaszczechowski/grunt-console-clean) plugin.\n\n\nTask submitted by [Tomasz Czechowski](http://czechowski.pl/)',
28 silly publish   readmeFilename: 'README.md',
28 silly publish   gitHead: 'cf11f381abe6fda8528b8ea086afeca0349ddfd2',
28 silly publish   _id: 'gulp-console-clean@0.0.0',
28 silly publish   _shasum: '7d7377d6d4197c0b499298ead2b1b5297c935f75',
28 silly publish   _from: '.' }
29 verbose request where is /gulp-console-clean
30 verbose request registry https://registry.npmjs.org/
31 verbose request id 160f1e2a267332f0
32 verbose url raw /gulp-console-clean
33 verbose url resolving [ 'https://registry.npmjs.org/', './gulp-console-clean' ]
34 verbose url resolved https://registry.npmjs.org/gulp-console-clean
35 verbose request where is https://registry.npmjs.org/gulp-console-clean
36 info trying registry request attempt 1 at 10:56:27
37 http PUT https://registry.npmjs.org/gulp-console-clean
38 http 403 https://registry.npmjs.org/gulp-console-clean
39 verbose headers { 'content-type': 'application/json',
39 verbose headers   'cache-control': 'max-age=60',
39 verbose headers   'content-length': '95',
39 verbose headers   'accept-ranges': 'bytes',
39 verbose headers   date: 'Sun, 12 Jul 2015 08:56:11 GMT',
39 verbose headers   via: '1.1 varnish',
39 verbose headers   connection: 'keep-alive',
39 verbose headers   'x-served-by': 'cache-fra1235-FRA',
39 verbose headers   'x-cache': 'MISS',
39 verbose headers   'x-cache-hits': '0',
39 verbose headers   'x-timer': 'S1436691369.760934,VS0,VE1325' }
40 error publish Failed PUT 403
41 error Error: "You cannot publish over the previously published version 0.0.0." : gulp-console-clean
41 error     at RegClient.<anonymous> (/usr/local/lib/node_modules/npm/node_modules/npm-registry-client/lib/request.js:300:14)
41 error     at Request._callback (/usr/local/lib/node_modules/npm/node_modules/npm-registry-client/lib/request.js:238:65)
41 error     at Request.self.callback (/usr/local/lib/node_modules/npm/node_modules/request/request.js:123:22)
41 error     at Request.emit (events.js:98:17)
41 error     at Request.<anonymous> (/usr/local/lib/node_modules/npm/node_modules/request/request.js:893:14)
41 error     at Request.emit (events.js:117:20)
41 error     at IncomingMessage.<anonymous> (/usr/local/lib/node_modules/npm/node_modules/request/request.js:844:12)
41 error     at IncomingMessage.emit (events.js:117:20)
41 error     at _stream_readable.js:943:16
41 error     at process._tickCallback (node.js:419:13)
42 error If you need help, you may report this *entire* log,
42 error including the npm and node versions, at:
42 error     <http://github.com/npm/npm/issues>
43 error System Darwin 14.4.0
44 error command "node" "/usr/local/bin/npm" "publish"
45 error cwd /Users/tomaszczechowski/Workspace/Front-end-stuff/Gulp-console-clean
46 error node -v v0.10.31
47 error npm -v 1.4.23
48 verbose exit [ 1, true ]
